<?xml version="1.0" encoding="UTF-8"?>
<!-- Generated by org.testng.reporters.JUnitXMLReporter -->
<testsuite ignored="0" hostname="HpLaptop" failures="0" tests="4" name="Test" time="28.877" errors="0" timestamp="2024-12-04T22:23:00 IST">
  <testcase classname="api.testcases.UserTest" name="testCreateUser" time="10.065"/>
  <testcase classname="api.testcases.UserTest" name="testGetUserData" time="4.529"/>
  <testcase classname="api.testcases.UserTest" name="testUpdateUser" time="8.676"/>
  <testcase classname="api.testcases.UserTest" name="testDeleteUser" time="4.244"/>
</testsuite> <!-- Test -->
