<?xml version="1.0" encoding="UTF-8"?>
<testng-results ignored="0" total="4" passed="4" failed="0" skipped="0">
  <reporter-output>
  </reporter-output>
  <suite started-at="2024-12-05T13:48:02 IST" name="Default suite" finished-at="2024-12-05T13:48:22 IST" duration-ms="20203">
    <groups>
    </groups>
    <test started-at="2024-12-05T13:48:02 IST" name="Default test" finished-at="2024-12-05T13:48:22 IST" duration-ms="20203">
      <class name="api.testcases.UserTest1">
        <test-method is-config="true" signature="generateTestData()[pri:0, instance:api.testcases.UserTest1@6c6cb480]" started-at="2024-12-05T13:48:02 IST" name="generateTestData" finished-at="2024-12-05T13:48:03 IST" duration-ms="1259" status="PASS">
          <reporter-output>
          </reporter-output>
        </test-method> <!-- generateTestData -->
        <test-method signature="testCreateUser()[pri:1, instance:api.testcases.UserTest1@6c6cb480]" started-at="2024-12-05T13:48:03 IST" name="testCreateUser" finished-at="2024-12-05T13:48:09 IST" duration-ms="5998" status="PASS">
          <reporter-output>
          </reporter-output>
        </test-method> <!-- testCreateUser -->
        <test-method signature="testGetUserData()[pri:2, instance:api.testcases.UserTest1@6c6cb480]" started-at="2024-12-05T13:48:09 IST" name="testGetUserData" finished-at="2024-12-05T13:48:13 IST" duration-ms="3697" status="PASS">
          <reporter-output>
          </reporter-output>
        </test-method> <!-- testGetUserData -->
        <test-method signature="testUpdateUser()[pri:3, instance:api.testcases.UserTest1@6c6cb480]" started-at="2024-12-05T13:48:13 IST" name="testUpdateUser" finished-at="2024-12-05T13:48:19 IST" duration-ms="6741" status="PASS">
          <reporter-output>
          </reporter-output>
        </test-method> <!-- testUpdateUser -->
        <test-method signature="testDeleteUser()[pri:4, instance:api.testcases.UserTest1@6c6cb480]" started-at="2024-12-05T13:48:19 IST" name="testDeleteUser" finished-at="2024-12-05T13:48:22 IST" duration-ms="2402" status="PASS">
          <reporter-output>
          </reporter-output>
        </test-method> <!-- testDeleteUser -->
      </class> <!-- api.testcases.UserTest1 -->
    </test> <!-- Default test -->
  </suite> <!-- Default suite -->
</testng-results>
